# JRE version: OpenJDK Runtime Environment Temurin-21.0.8+9 (21.0.8+9) (build 21.0.8+9-LTS)
# Java VM: OpenJDK 64-Bit Server VM Temurin-21.0.8+9 (21.0.8+9-LTS, mixed mode, sharing, tiered, compressed oops, compressed class ptrs, parallel gc, windows-amd64)
GC Precious Log:
 CardTable entry size: 512
 CPUs: 12 total, 12 available
 Memory: 16087M
 Large Page Support: Disabled
 NUMA Support: Disabled
 Compressed Oops: Enabled (32-bit)
 Alignments: Space 512K, Generation 512K, Heap 2M
 Heap Min Capacity: 100M
 Heap Initial Capacity: 100M
 Heap Max Capacity: 2G
 Pre-touch: Disabled
 Parallel Workers: 10
Heap:
 PSYoungGen      total 26624K, used 20452K [0x00000000d5580000, 0x00000000d7380000, 0x0000000100000000)
  eden space 20480K, 94% used [0x00000000d5580000,0x00000000d686ecb8,0x00000000d6980000)
  from space 6144K, 17% used [0x00000000d6980000,0x00000000d6a8a520,0x00000000d6f80000)
  to   space 3072K, 0% used [0x00000000d7080000,0x00000000d7080000,0x00000000d7380000)
 ParOldGen       total 68608K, used 59011K [0x0000000080000000, 0x0000000084300000, 0x00000000d5580000)
  object space 68608K, 86% used [0x0000000080000000,0x00000000839a0d00,0x0000000084300000)
 Metaspace       used 52220K, committed 53312K, reserved 1114112K
  class space    used 5550K, committed 6016K, reserved 1048576K
GC Heap History (20 events):
Event: 6.849 GC heap before
{Heap before GC invocations=48 (full 2):
 PSYoungGen      total 24064K, used 24061K [0x00000000d5580000, 0x00000000d8580000, 0x0000000100000000)
  eden space 20480K, 100% used [0x00000000d5580000,0x00000000d6980000,0x00000000d6980000)
  from space 3584K, 99% used [0x00000000d6980000,0x00000000d6cff528,0x00000000d6d00000)
  to   space 14336K, 0% used [0x00000000d7780000,0x00000000d7780000,0x00000000d8580000)
 ParOldGen       total 68608K, used 36155K [0x0000000080000000, 0x0000000084300000, 0x00000000d5580000)
  object space 68608K, 52% used [0x0000000080000000,0x000000008234ef18,0x0000000084300000)
 Metaspace       used 47580K, committed 48704K, reserved 1114112K
  class space    used 5103K, committed 5568K, reserved 1048576K
}
Event: 6.851 GC heap after
{Heap after GC invocations=48 (full 2):
 PSYoungGen      total 22016K, used 1408K [0x00000000d5580000, 0x00000000d7900000, 0x0000000100000000)
  eden space 20480K, 0% used [0x00000000d5580000,0x00000000d5580000,0x00000000d6980000)
  from space 1536K, 91% used [0x00000000d7780000,0x00000000d78e0020,0x00000000d7900000)
  to   space 5632K, 0% used [0x00000000d6e00000,0x00000000d6e00000,0x00000000d7380000)
 ParOldGen       total 68608K, used 39796K [0x0000000080000000, 0x0000000084300000, 0x00000000d5580000)
  object space 68608K, 58% used [0x0000000080000000,0x00000000826dd190,0x0000000084300000)
 Metaspace       used 47580K, committed 48704K, reserved 1114112K
  class space    used 5103K, committed 5568K, reserved 1048576K
}
Event: 6.921 GC heap before
{Heap before GC invocations=49 (full 2):
 PSYoungGen      total 22016K, used 21888K [0x00000000d5580000, 0x00000000d7900000, 0x0000000100000000)
  eden space 20480K, 100% used [0x00000000d5580000,0x00000000d6980000,0x00000000d6980000)
  from space 1536K, 91% used [0x00000000d7780000,0x00000000d78e0020,0x00000000d7900000)
  to   space 5632K, 0% used [0x00000000d6e00000,0x00000000d6e00000,0x00000000d7380000)
 ParOldGen       total 68608K, used 39796K [0x0000000080000000, 0x0000000084300000, 0x00000000d5580000)
  object space 68608K, 58% used [0x0000000080000000,0x00000000826dd190,0x0000000084300000)
 Metaspace       used 47596K, committed 48704K, reserved 1114112K
  class space    used 5103K, committed 5568K, reserved 1048576K
}
Event: 6.922 GC heap after
{Heap after GC invocations=49 (full 2):
 PSYoungGen      total 26112K, used 1888K [0x00000000d5580000, 0x00000000d7800000, 0x0000000100000000)
  eden space 20480K, 0% used [0x00000000d5580000,0x00000000d5580000,0x00000000d6980000)
  from space 5632K, 33% used [0x00000000d6e00000,0x00000000d6fd8010,0x00000000d7380000)
  to   space 2560K, 0% used [0x00000000d7580000,0x00000000d7580000,0x00000000d7800000)
 ParOldGen       total 68608K, used 41034K [0x0000000080000000, 0x0000000084300000, 0x00000000d5580000)
  object space 68608K, 59% used [0x0000000080000000,0x0000000082812998,0x0000000084300000)
 Metaspace       used 47596K, committed 48704K, reserved 1114112K
  class space    used 5103K, committed 5568K, reserved 1048576K
}
Event: 7.011 GC heap before
{Heap before GC invocations=50 (full 2):
 PSYoungGen      total 26112K, used 22368K [0x00000000d5580000, 0x00000000d7800000, 0x0000000100000000)
  eden space 20480K, 100% used [0x00000000d5580000,0x00000000d6980000,0x00000000d6980000)
  from space 5632K, 33% used [0x00000000d6e00000,0x00000000d6fd8010,0x00000000d7380000)
  to   space 2560K, 0% used [0x00000000d7580000,0x00000000d7580000,0x00000000d7800000)
 ParOldGen       total 68608K, used 41034K [0x0000000080000000, 0x0000000084300000, 0x00000000d5580000)
  object space 68608K, 59% used [0x0000000080000000,0x0000000082812998,0x0000000084300000)
 Metaspace       used 48002K, committed 49088K, reserved 1114112K
  class space    used 5164K, committed 5632K, reserved 1048576K
}
Event: 7.013 GC heap after
{Heap after GC invocations=50 (full 2):
 PSYoungGen      total 23040K, used 2242K [0x00000000d5580000, 0x00000000d7800000, 0x0000000100000000)
  eden space 20480K, 0% used [0x00000000d5580000,0x00000000d5580000,0x00000000d6980000)
  from space 2560K, 87% used [0x00000000d7580000,0x00000000d77b0810,0x00000000d7800000)
  to   space 2560K, 0% used [0x00000000d7300000,0x00000000d7300000,0x00000000d7580000)
 ParOldGen       total 68608K, used 42874K [0x0000000080000000, 0x0000000084300000, 0x00000000d5580000)
  object space 68608K, 62% used [0x0000000080000000,0x00000000829de9a8,0x0000000084300000)
 Metaspace       used 48002K, committed 49088K, reserved 1114112K
  class space    used 5164K, committed 5632K, reserved 1048576K
}
Event: 7.055 GC heap before
{Heap before GC invocations=51 (full 2):
 PSYoungGen      total 23040K, used 22722K [0x00000000d5580000, 0x00000000d7800000, 0x0000000100000000)
  eden space 20480K, 100% used [0x00000000d5580000,0x00000000d6980000,0x00000000d6980000)
  from space 2560K, 87% used [0x00000000d7580000,0x00000000d77b0810,0x00000000d7800000)
  to   space 2560K, 0% used [0x00000000d7300000,0x00000000d7300000,0x00000000d7580000)
 ParOldGen       total 68608K, used 42874K [0x0000000080000000, 0x0000000084300000, 0x00000000d5580000)
  object space 68608K, 62% used [0x0000000080000000,0x00000000829de9a8,0x0000000084300000)
 Metaspace       used 48015K, committed 49088K, reserved 1114112K
  class space    used 5164K, committed 5632K, reserved 1048576K
}
Event: 7.057 GC heap after
{Heap after GC invocations=51 (full 2):
 PSYoungGen      total 23040K, used 2176K [0x00000000d5580000, 0x00000000d7600000, 0x0000000100000000)
  eden space 20480K, 0% used [0x00000000d5580000,0x00000000d5580000,0x00000000d6980000)
  from space 2560K, 85% used [0x00000000d7300000,0x00000000d7520010,0x00000000d7580000)
  to   space 512K, 0% used [0x00000000d7580000,0x00000000d7580000,0x00000000d7600000)
 ParOldGen       total 68608K, used 44928K [0x0000000080000000, 0x0000000084300000, 0x00000000d5580000)
  object space 68608K, 65% used [0x0000000080000000,0x0000000082be02e0,0x0000000084300000)
 Metaspace       used 48015K, committed 49088K, reserved 1114112K
  class space    used 5164K, committed 5632K, reserved 1048576K
}
Event: 7.108 GC heap before
{Heap before GC invocations=52 (full 2):
 PSYoungGen      total 23040K, used 22656K [0x00000000d5580000, 0x00000000d7600000, 0x0000000100000000)
  eden space 20480K, 100% used [0x00000000d5580000,0x00000000d6980000,0x00000000d6980000)
  from space 2560K, 85% used [0x00000000d7300000,0x00000000d7520010,0x00000000d7580000)
  to   space 512K, 0% used [0x00000000d7580000,0x00000000d7580000,0x00000000d7600000)
 ParOldGen       total 68608K, used 44928K [0x0000000080000000, 0x0000000084300000, 0x00000000d5580000)
  object space 68608K, 65% used [0x0000000080000000,0x0000000082be02e0,0x0000000084300000)
 Metaspace       used 48032K, committed 49152K, reserved 1114112K
  class space    used 5164K, committed 5632K, reserved 1048576K
}
Event: 7.110 GC heap after
{Heap after GC invocations=52 (full 2):
 PSYoungGen      total 20992K, used 512K [0x00000000d5580000, 0x00000000d7600000, 0x0000000100000000)
  eden space 20480K, 0% used [0x00000000d5580000,0x00000000d5580000,0x00000000d6980000)
  from space 512K, 100% used [0x00000000d7580000,0x00000000d7600000,0x00000000d7600000)
  to   space 4608K, 0% used [0x00000000d6d00000,0x00000000d6d00000,0x00000000d7180000)
 ParOldGen       total 68608K, used 48250K [0x0000000080000000, 0x0000000084300000, 0x00000000d5580000)
  object space 68608K, 70% used [0x0000000080000000,0x0000000082f1ebd0,0x0000000084300000)
 Metaspace       used 48032K, committed 49152K, reserved 1114112K
  class space    used 5164K, committed 5632K, reserved 1048576K
}
Event: 7.146 GC heap before
{Heap before GC invocations=53 (full 2):
 PSYoungGen      total 20992K, used 20904K [0x00000000d5580000, 0x00000000d7600000, 0x0000000100000000)
  eden space 20480K, 99% used [0x00000000d5580000,0x00000000d696a1f8,0x00000000d6980000)
  from space 512K, 100% used [0x00000000d7580000,0x00000000d7600000,0x00000000d7600000)
  to   space 4608K, 0% used [0x00000000d6d00000,0x00000000d6d00000,0x00000000d7180000)
 ParOldGen       total 68608K, used 48250K [0x0000000080000000, 0x0000000084300000, 0x00000000d5580000)
  object space 68608K, 70% used [0x0000000080000000,0x0000000082f1ebd0,0x0000000084300000)
 Metaspace       used 48052K, committed 49152K, reserved 1114112K
  class space    used 5166K, committed 5632K, reserved 1048576K
}
Event: 7.147 GC heap after
{Heap after GC invocations=53 (full 2):
 PSYoungGen      total 25088K, used 1792K [0x00000000d5580000, 0x00000000d7600000, 0x0000000100000000)
  eden space 20480K, 0% used [0x00000000d5580000,0x00000000d5580000,0x00000000d6980000)
  from space 4608K, 38% used [0x00000000d6d00000,0x00000000d6ec0000,0x00000000d7180000)
  to   space 2560K, 0% used [0x00000000d7380000,0x00000000d7380000,0x00000000d7600000)
 ParOldGen       total 68608K, used 48810K [0x0000000080000000, 0x0000000084300000, 0x00000000d5580000)
  object space 68608K, 71% used [0x0000000080000000,0x0000000082faabd0,0x0000000084300000)
 Metaspace       used 48052K, committed 49152K, reserved 1114112K
  class space    used 5166K, committed 5632K, reserved 1048576K
}
Event: 7.197 GC heap before
{Heap before GC invocations=54 (full 2):
 PSYoungGen      total 25088K, used 22272K [0x00000000d5580000, 0x00000000d7600000, 0x0000000100000000)
  eden space 20480K, 100% used [0x00000000d5580000,0x00000000d6980000,0x00000000d6980000)
  from space 4608K, 38% used [0x00000000d6d00000,0x00000000d6ec0000,0x00000000d7180000)
  to   space 2560K, 0% used [0x00000000d7380000,0x00000000d7380000,0x00000000d7600000)
 ParOldGen       total 68608K, used 48810K [0x0000000080000000, 0x0000000084300000, 0x00000000d5580000)
  object space 68608K, 71% used [0x0000000080000000,0x0000000082faabd0,0x0000000084300000)
 Metaspace       used 48076K, committed 49152K, reserved 1114112K
  class space    used 5166K, committed 5632K, reserved 1048576K
}
Event: 7.199 GC heap after
{Heap after GC invocations=54 (full 2):
 PSYoungGen      total 22528K, used 2040K [0x00000000d5580000, 0x00000000d7580000, 0x0000000100000000)
  eden space 20480K, 0% used [0x00000000d5580000,0x00000000d5580000,0x00000000d6980000)
  from space 2048K, 99% used [0x00000000d7380000,0x00000000d757e210,0x00000000d7580000)
  to   space 2560K, 0% used [0x00000000d7080000,0x00000000d7080000,0x00000000d7300000)
 ParOldGen       total 68608K, used 50522K [0x0000000080000000, 0x0000000084300000, 0x00000000d5580000)
  object space 68608K, 73% used [0x0000000080000000,0x0000000083156bd0,0x0000000084300000)
 Metaspace       used 48076K, committed 49152K, reserved 1114112K
  class space    used 5166K, committed 5632K, reserved 1048576K
}
Event: 7.292 GC heap before
{Heap before GC invocations=55 (full 2):
 PSYoungGen      total 22528K, used 22520K [0x00000000d5580000, 0x00000000d7580000, 0x0000000100000000)
  eden space 20480K, 100% used [0x00000000d5580000,0x00000000d6980000,0x00000000d6980000)
  from space 2048K, 99% used [0x00000000d7380000,0x00000000d757e210,0x00000000d7580000)
  to   space 2560K, 0% used [0x00000000d7080000,0x00000000d7080000,0x00000000d7300000)
 ParOldGen       total 68608K, used 50522K [0x0000000080000000, 0x0000000084300000, 0x00000000d5580000)
  object space 68608K, 73% used [0x0000000080000000,0x0000000083156bd0,0x0000000084300000)
 Metaspace       used 48316K, committed 49344K, reserved 1114112K
  class space    used 5184K, committed 5632K, reserved 1048576K
}
Event: 7.294 GC heap after
{Heap after GC invocations=55 (full 2):
 PSYoungGen      total 23040K, used 2536K [0x00000000d5580000, 0x00000000d7480000, 0x0000000100000000)
  eden space 20480K, 0% used [0x00000000d5580000,0x00000000d5580000,0x00000000d6980000)
  from space 2560K, 99% used [0x00000000d7080000,0x00000000d72fa000,0x00000000d7300000)
  to   space 1536K, 0% used [0x00000000d7300000,0x00000000d7300000,0x00000000d7480000)
 ParOldGen       total 68608K, used 52931K [0x0000000080000000, 0x0000000084300000, 0x00000000d5580000)
  object space 68608K, 77% used [0x0000000080000000,0x00000000833b0de0,0x0000000084300000)
 Metaspace       used 48316K, committed 49344K, reserved 1114112K
  class space    used 5184K, committed 5632K, reserved 1048576K
}
Event: 7.692 GC heap before
{Heap before GC invocations=56 (full 2):
 PSYoungGen      total 23040K, used 23016K [0x00000000d5580000, 0x00000000d7480000, 0x0000000100000000)
  eden space 20480K, 100% used [0x00000000d5580000,0x00000000d6980000,0x00000000d6980000)
  from space 2560K, 99% used [0x00000000d7080000,0x00000000d72fa000,0x00000000d7300000)
  to   space 1536K, 0% used [0x00000000d7300000,0x00000000d7300000,0x00000000d7480000)
 ParOldGen       total 68608K, used 52931K [0x0000000080000000, 0x0000000084300000, 0x00000000d5580000)
  object space 68608K, 77% used [0x0000000080000000,0x00000000833b0de0,0x0000000084300000)
 Metaspace       used 50712K, committed 51776K, reserved 1114112K
  class space    used 5440K, committed 5888K, reserved 1048576K
}
Event: 7.693 GC heap after
{Heap after GC invocations=56 (full 2):
 PSYoungGen      total 22016K, used 1523K [0x00000000d5580000, 0x00000000d7580000, 0x0000000100000000)
  eden space 20480K, 0% used [0x00000000d5580000,0x00000000d5580000,0x00000000d6980000)
  from space 1536K, 99% used [0x00000000d7300000,0x00000000d747cf30,0x00000000d7480000)
  to   space 6144K, 0% used [0x00000000d6980000,0x00000000d6980000,0x00000000d6f80000)
 ParOldGen       total 68608K, used 57106K [0x0000000080000000, 0x0000000084300000, 0x00000000d5580000)
  object space 68608K, 83% used [0x0000000080000000,0x00000000837c48b0,0x0000000084300000)
 Metaspace       used 50712K, committed 51776K, reserved 1114112K
  class space    used 5440K, committed 5888K, reserved 1048576K
}
Event: 7.763 GC heap before
{Heap before GC invocations=57 (full 2):
 PSYoungGen      total 22016K, used 22003K [0x00000000d5580000, 0x00000000d7580000, 0x0000000100000000)
  eden space 20480K, 100% used [0x00000000d5580000,0x00000000d6980000,0x00000000d6980000)
  from space 1536K, 99% used [0x00000000d7300000,0x00000000d747cf30,0x00000000d7480000)
  to   space 6144K, 0% used [0x00000000d6980000,0x00000000d6980000,0x00000000d6f80000)
 ParOldGen       total 68608K, used 57106K [0x0000000080000000, 0x0000000084300000, 0x00000000d5580000)
  object space 68608K, 83% used [0x0000000080000000,0x00000000837c48b0,0x0000000084300000)
 Metaspace       used 50742K, committed 51840K, reserved 1114112K
  class space    used 5440K, committed 5888K, reserved 1048576K
}
Event: 7.764 GC heap after
{Heap after GC invocations=57 (full 2):
 PSYoungGen      total 26624K, used 1065K [0x00000000d5580000, 0x00000000d7380000, 0x0000000100000000)
  eden space 20480K, 0% used [0x00000000d5580000,0x00000000d5580000,0x00000000d6980000)
  from space 6144K, 17% used [0x00000000d6980000,0x00000000d6a8a520,0x00000000d6f80000)
  to   space 3072K, 0% used [0x00000000d7080000,0x00000000d7080000,0x00000000d7380000)
 ParOldGen       total 68608K, used 59011K [0x0000000080000000, 0x0000000084300000, 0x00000000d5580000)
  object space 68608K, 86% used [0x0000000080000000,0x00000000839a0d00,0x0000000084300000)
 Metaspace       used 50742K, committed 51840K, reserved 1114112K
  class space    used 5440K, committed 5888K, reserved 1048576K
}

