# JRE version: OpenJDK Runtime Environment Temurin-21.0.8+9 (21.0.8+9) (build 21.0.8+9-LTS)
# Java VM: OpenJDK 64-Bit Server VM Temurin-21.0.8+9 (21.0.8+9-LTS, mixed mode, sharing, tiered, compressed oops, compressed class ptrs, parallel gc, windows-amd64)
GC Precious Log:
 CardTable entry size: 512
 CPUs: 12 total, 12 available
 Memory: 16087M
 Large Page Support: Disabled
 NUMA Support: Disabled
 Compressed Oops: Enabled (32-bit)
 Alignments: Space 512K, Generation 512K, Heap 2M
 Heap Min Capacity: 100M
 Heap Initial Capacity: 100M
 Heap Max Capacity: 2G
 Pre-touch: Disabled
 Parallel Workers: 10
Heap:
 PSYoungGen      total 15872K, used 11535K [0x00000000d5580000, 0x00000000d6880000, 0x0000000100000000)
  eden space 13312K, 67% used [0x00000000d5580000,0x00000000d5e4fa88,0x00000000d6280000)
  from space 2560K, 98% used [0x00000000d6600000,0x00000000d68744b0,0x00000000d6880000)
  to   space 3072K, 0% used [0x00000000d6280000,0x00000000d6280000,0x00000000d6580000)
 ParOldGen       total 95232K, used 61635K [0x0000000080000000, 0x0000000085d00000, 0x00000000d5580000)
  object space 95232K, 64% used [0x0000000080000000,0x0000000083c30d68,0x0000000085d00000)
 Metaspace       used 59937K, committed 61440K, reserved 1114112K
  class space    used 6303K, committed 6976K, reserved 1048576K
GC Heap History (20 events):
Event: 13.781 GC heap before
{Heap before GC invocations=264 (full 2):
 PSYoungGen      total 14336K, used 13728K [0x00000000d5580000, 0x00000000d6400000, 0x0000000100000000)
  eden space 13312K, 100% used [0x00000000d5580000,0x00000000d6280000,0x00000000d6280000)
  from space 1024K, 40% used [0x00000000d6280000,0x00000000d62e8000,0x00000000d6380000)
  to   space 512K, 0% used [0x00000000d6380000,0x00000000d6380000,0x00000000d6400000)
 ParOldGen       total 93696K, used 93683K [0x0000000080000000, 0x0000000085b80000, 0x00000000d5580000)
  object space 93696K, 99% used [0x0000000080000000,0x0000000085b7cd18,0x0000000085b80000)
 Metaspace       used 58219K, committed 59648K, reserved 1114112K
  class space    used 6167K, committed 6848K, reserved 1048576K
}
Event: 13.781 GC heap after
{Heap after GC invocations=264 (full 2):
 PSYoungGen      total 13824K, used 448K [0x00000000d5580000, 0x00000000d6400000, 0x0000000100000000)
  eden space 13312K, 0% used [0x00000000d5580000,0x00000000d5580000,0x00000000d6280000)
  from space 512K, 87% used [0x00000000d6380000,0x00000000d63f0000,0x00000000d6400000)
  to   space 512K, 0% used [0x00000000d6300000,0x00000000d6300000,0x00000000d6380000)
 ParOldGen       total 94208K, used 93955K [0x0000000080000000, 0x0000000085c00000, 0x00000000d5580000)
  object space 94208K, 99% used [0x0000000080000000,0x0000000085bc0d18,0x0000000085c00000)
 Metaspace       used 58219K, committed 59648K, reserved 1114112K
  class space    used 6167K, committed 6848K, reserved 1048576K
}
Event: 13.797 GC heap before
{Heap before GC invocations=265 (full 2):
 PSYoungGen      total 13824K, used 13760K [0x00000000d5580000, 0x00000000d6400000, 0x0000000100000000)
  eden space 13312K, 100% used [0x00000000d5580000,0x00000000d6280000,0x00000000d6280000)
  from space 512K, 87% used [0x00000000d6380000,0x00000000d63f0000,0x00000000d6400000)
  to   space 512K, 0% used [0x00000000d6300000,0x00000000d6300000,0x00000000d6380000)
 ParOldGen       total 94208K, used 93955K [0x0000000080000000, 0x0000000085c00000, 0x00000000d5580000)
  object space 94208K, 99% used [0x0000000080000000,0x0000000085bc0d18,0x0000000085c00000)
 Metaspace       used 58250K, committed 59712K, reserved 1114112K
  class space    used 6173K, committed 6848K, reserved 1048576K
}
Event: 13.798 GC heap after
{Heap after GC invocations=265 (full 2):
 PSYoungGen      total 13824K, used 352K [0x00000000d5580000, 0x00000000d6400000, 0x0000000100000000)
  eden space 13312K, 0% used [0x00000000d5580000,0x00000000d5580000,0x00000000d6280000)
  from space 512K, 68% used [0x00000000d6300000,0x00000000d6358000,0x00000000d6380000)
  to   space 512K, 0% used [0x00000000d6380000,0x00000000d6380000,0x00000000d6400000)
 ParOldGen       total 94720K, used 94273K [0x0000000080000000, 0x0000000085c80000, 0x00000000d5580000)
  object space 94720K, 99% used [0x0000000080000000,0x0000000085c10658,0x0000000085c80000)
 Metaspace       used 58250K, committed 59712K, reserved 1114112K
  class space    used 6173K, committed 6848K, reserved 1048576K
}
Event: 13.813 GC heap before
{Heap before GC invocations=266 (full 2):
 PSYoungGen      total 13824K, used 13664K [0x00000000d5580000, 0x00000000d6400000, 0x0000000100000000)
  eden space 13312K, 100% used [0x00000000d5580000,0x00000000d6280000,0x00000000d6280000)
  from space 512K, 68% used [0x00000000d6300000,0x00000000d6358000,0x00000000d6380000)
  to   space 512K, 0% used [0x00000000d6380000,0x00000000d6380000,0x00000000d6400000)
 ParOldGen       total 94720K, used 94273K [0x0000000080000000, 0x0000000085c80000, 0x00000000d5580000)
  object space 94720K, 99% used [0x0000000080000000,0x0000000085c10658,0x0000000085c80000)
 Metaspace       used 58266K, committed 59712K, reserved 1114112K
  class space    used 6176K, committed 6848K, reserved 1048576K
}
Event: 13.814 GC heap after
{Heap after GC invocations=266 (full 2):
 PSYoungGen      total 13824K, used 507K [0x00000000d5580000, 0x00000000d6480000, 0x0000000100000000)
  eden space 13312K, 0% used [0x00000000d5580000,0x00000000d5580000,0x00000000d6280000)
  from space 512K, 99% used [0x00000000d6380000,0x00000000d63fed60,0x00000000d6400000)
  to   space 1024K, 0% used [0x00000000d6280000,0x00000000d6280000,0x00000000d6380000)
 ParOldGen       total 94720K, used 94449K [0x0000000080000000, 0x0000000085c80000, 0x00000000d5580000)
  object space 94720K, 99% used [0x0000000080000000,0x0000000085c3c740,0x0000000085c80000)
 Metaspace       used 58266K, committed 59712K, reserved 1114112K
  class space    used 6176K, committed 6848K, reserved 1048576K
}
Event: 13.838 GC heap before
{Heap before GC invocations=267 (full 2):
 PSYoungGen      total 13824K, used 10420K [0x00000000d5580000, 0x00000000d6480000, 0x0000000100000000)
  eden space 13312K, 74% used [0x00000000d5580000,0x00000000d5f2e450,0x00000000d6280000)
  from space 512K, 99% used [0x00000000d6380000,0x00000000d63fed60,0x00000000d6400000)
  to   space 1024K, 0% used [0x00000000d6280000,0x00000000d6280000,0x00000000d6380000)
 ParOldGen       total 94720K, used 94449K [0x0000000080000000, 0x0000000085c80000, 0x00000000d5580000)
  object space 94720K, 99% used [0x0000000080000000,0x0000000085c3c740,0x0000000085c80000)
 Metaspace       used 58390K, committed 59776K, reserved 1114112K
  class space    used 6197K, committed 6848K, reserved 1048576K
}
Event: 13.839 GC heap after
{Heap after GC invocations=267 (full 2):
 PSYoungGen      total 14336K, used 448K [0x00000000d5580000, 0x00000000d6480000, 0x0000000100000000)
  eden space 13312K, 0% used [0x00000000d5580000,0x00000000d5580000,0x00000000d6280000)
  from space 1024K, 43% used [0x00000000d6280000,0x00000000d62f0000,0x00000000d6380000)
  to   space 1024K, 0% used [0x00000000d6380000,0x00000000d6380000,0x00000000d6480000)
 ParOldGen       total 95232K, used 94802K [0x0000000080000000, 0x0000000085d00000, 0x00000000d5580000)
  object space 95232K, 99% used [0x0000000080000000,0x0000000085c94b68,0x0000000085d00000)
 Metaspace       used 58390K, committed 59776K, reserved 1114112K
  class space    used 6197K, committed 6848K, reserved 1048576K
}
Event: 13.839 GC heap before
{Heap before GC invocations=268 (full 3):
 PSYoungGen      total 14336K, used 448K [0x00000000d5580000, 0x00000000d6480000, 0x0000000100000000)
  eden space 13312K, 0% used [0x00000000d5580000,0x00000000d5580000,0x00000000d6280000)
  from space 1024K, 43% used [0x00000000d6280000,0x00000000d62f0000,0x00000000d6380000)
  to   space 1024K, 0% used [0x00000000d6380000,0x00000000d6380000,0x00000000d6480000)
 ParOldGen       total 95232K, used 94802K [0x0000000080000000, 0x0000000085d00000, 0x00000000d5580000)
  object space 95232K, 99% used [0x0000000080000000,0x0000000085c94b68,0x0000000085d00000)
 Metaspace       used 58390K, committed 59776K, reserved 1114112K
  class space    used 6197K, committed 6848K, reserved 1048576K
}
Event: 13.896 GC heap after
{Heap after GC invocations=268 (full 3):
 PSYoungGen      total 14336K, used 0K [0x00000000d5580000, 0x00000000d6480000, 0x0000000100000000)
  eden space 13312K, 0% used [0x00000000d5580000,0x00000000d5580000,0x00000000d6280000)
  from space 1024K, 0% used [0x00000000d6280000,0x00000000d6280000,0x00000000d6380000)
  to   space 1024K, 0% used [0x00000000d6380000,0x00000000d6380000,0x00000000d6480000)
 ParOldGen       total 95232K, used 57989K [0x0000000080000000, 0x0000000085d00000, 0x00000000d5580000)
  object space 95232K, 60% used [0x0000000080000000,0x00000000838a1740,0x0000000085d00000)
 Metaspace       used 58389K, committed 59776K, reserved 1114112K
  class space    used 6197K, committed 6848K, reserved 1048576K
}
Event: 13.946 GC heap before
{Heap before GC invocations=269 (full 3):
 PSYoungGen      total 14336K, used 13312K [0x00000000d5580000, 0x00000000d6480000, 0x0000000100000000)
  eden space 13312K, 100% used [0x00000000d5580000,0x00000000d6280000,0x00000000d6280000)
  from space 1024K, 0% used [0x00000000d6280000,0x00000000d6280000,0x00000000d6380000)
  to   space 1024K, 0% used [0x00000000d6380000,0x00000000d6380000,0x00000000d6480000)
 ParOldGen       total 95232K, used 57989K [0x0000000080000000, 0x0000000085d00000, 0x00000000d5580000)
  object space 95232K, 60% used [0x0000000080000000,0x00000000838a1740,0x0000000085d00000)
 Metaspace       used 58520K, committed 59904K, reserved 1114112K
  class space    used 6213K, committed 6848K, reserved 1048576K
}
Event: 13.946 GC heap after
{Heap after GC invocations=269 (full 3):
 PSYoungGen      total 14336K, used 608K [0x00000000d5580000, 0x00000000d6480000, 0x0000000100000000)
  eden space 13312K, 0% used [0x00000000d5580000,0x00000000d5580000,0x00000000d6280000)
  from space 1024K, 59% used [0x00000000d6380000,0x00000000d6418000,0x00000000d6480000)
  to   space 1024K, 0% used [0x00000000d6280000,0x00000000d6280000,0x00000000d6380000)
 ParOldGen       total 95232K, used 57989K [0x0000000080000000, 0x0000000085d00000, 0x00000000d5580000)
  object space 95232K, 60% used [0x0000000080000000,0x00000000838a1740,0x0000000085d00000)
 Metaspace       used 58520K, committed 59904K, reserved 1114112K
  class space    used 6213K, committed 6848K, reserved 1048576K
}
Event: 13.976 GC heap before
{Heap before GC invocations=270 (full 3):
 PSYoungGen      total 14336K, used 13920K [0x00000000d5580000, 0x00000000d6480000, 0x0000000100000000)
  eden space 13312K, 100% used [0x00000000d5580000,0x00000000d6280000,0x00000000d6280000)
  from space 1024K, 59% used [0x00000000d6380000,0x00000000d6418000,0x00000000d6480000)
  to   space 1024K, 0% used [0x00000000d6280000,0x00000000d6280000,0x00000000d6380000)
 ParOldGen       total 95232K, used 57989K [0x0000000080000000, 0x0000000085d00000, 0x00000000d5580000)
  object space 95232K, 60% used [0x0000000080000000,0x00000000838a1740,0x0000000085d00000)
 Metaspace       used 58560K, committed 60032K, reserved 1114112K
  class space    used 6220K, committed 6912K, reserved 1048576K
}
Event: 13.977 GC heap after
{Heap after GC invocations=270 (full 3):
 PSYoungGen      total 14336K, used 512K [0x00000000d5580000, 0x00000000d6480000, 0x0000000100000000)
  eden space 13312K, 0% used [0x00000000d5580000,0x00000000d5580000,0x00000000d6280000)
  from space 1024K, 50% used [0x00000000d6280000,0x00000000d6300000,0x00000000d6380000)
  to   space 1024K, 0% used [0x00000000d6380000,0x00000000d6380000,0x00000000d6480000)
 ParOldGen       total 95232K, used 58437K [0x0000000080000000, 0x0000000085d00000, 0x00000000d5580000)
  object space 95232K, 61% used [0x0000000080000000,0x0000000083911740,0x0000000085d00000)
 Metaspace       used 58560K, committed 60032K, reserved 1114112K
  class space    used 6220K, committed 6912K, reserved 1048576K
}
Event: 13.991 GC heap before
{Heap before GC invocations=271 (full 3):
 PSYoungGen      total 14336K, used 13824K [0x00000000d5580000, 0x00000000d6480000, 0x0000000100000000)
  eden space 13312K, 100% used [0x00000000d5580000,0x00000000d6280000,0x00000000d6280000)
  from space 1024K, 50% used [0x00000000d6280000,0x00000000d6300000,0x00000000d6380000)
  to   space 1024K, 0% used [0x00000000d6380000,0x00000000d6380000,0x00000000d6480000)
 ParOldGen       total 95232K, used 58437K [0x0000000080000000, 0x0000000085d00000, 0x00000000d5580000)
  object space 95232K, 61% used [0x0000000080000000,0x0000000083911740,0x0000000085d00000)
 Metaspace       used 58574K, committed 60032K, reserved 1114112K
  class space    used 6221K, committed 6912K, reserved 1048576K
}
Event: 13.992 GC heap after
{Heap after GC invocations=271 (full 3):
 PSYoungGen      total 13824K, used 480K [0x00000000d5580000, 0x00000000d6400000, 0x0000000100000000)
  eden space 13312K, 0% used [0x00000000d5580000,0x00000000d5580000,0x00000000d6280000)
  from space 512K, 93% used [0x00000000d6380000,0x00000000d63f8000,0x00000000d6400000)
  to   space 512K, 0% used [0x00000000d6300000,0x00000000d6300000,0x00000000d6380000)
 ParOldGen       total 95232K, used 58821K [0x0000000080000000, 0x0000000085d00000, 0x00000000d5580000)
  object space 95232K, 61% used [0x0000000080000000,0x0000000083971740,0x0000000085d00000)
 Metaspace       used 58574K, committed 60032K, reserved 1114112K
  class space    used 6221K, committed 6912K, reserved 1048576K
}
Event: 14.084 GC heap before
{Heap before GC invocations=272 (full 3):
 PSYoungGen      total 13824K, used 13792K [0x00000000d5580000, 0x00000000d6400000, 0x0000000100000000)
  eden space 13312K, 100% used [0x00000000d5580000,0x00000000d6280000,0x00000000d6280000)
  from space 512K, 93% used [0x00000000d6380000,0x00000000d63f8000,0x00000000d6400000)
  to   space 512K, 0% used [0x00000000d6300000,0x00000000d6300000,0x00000000d6380000)
 ParOldGen       total 95232K, used 58821K [0x0000000080000000, 0x0000000085d00000, 0x00000000d5580000)
  object space 95232K, 61% used [0x0000000080000000,0x0000000083971740,0x0000000085d00000)
 Metaspace       used 59036K, committed 60544K, reserved 1114112K
  class space    used 6253K, committed 6912K, reserved 1048576K
}
Event: 14.085 GC heap after
{Heap after GC invocations=272 (full 3):
 PSYoungGen      total 13824K, used 496K [0x00000000d5580000, 0x00000000d6980000, 0x0000000100000000)
  eden space 13312K, 0% used [0x00000000d5580000,0x00000000d5580000,0x00000000d6280000)
  from space 512K, 97% used [0x00000000d6300000,0x00000000d637c3c8,0x00000000d6380000)
  to   space 3584K, 0% used [0x00000000d6600000,0x00000000d6600000,0x00000000d6980000)
 ParOldGen       total 95232K, used 61090K [0x0000000080000000, 0x0000000085d00000, 0x00000000d5580000)
  object space 95232K, 64% used [0x0000000080000000,0x0000000083ba89a0,0x0000000085d00000)
 Metaspace       used 59036K, committed 60544K, reserved 1114112K
  class space    used 6253K, committed 6912K, reserved 1048576K
}
Event: 14.172 GC heap before
{Heap before GC invocations=273 (full 3):
 PSYoungGen      total 13824K, used 13808K [0x00000000d5580000, 0x00000000d6980000, 0x0000000100000000)
  eden space 13312K, 100% used [0x00000000d5580000,0x00000000d6280000,0x00000000d6280000)
  from space 512K, 97% used [0x00000000d6300000,0x00000000d637c3c8,0x00000000d6380000)
  to   space 3584K, 0% used [0x00000000d6600000,0x00000000d6600000,0x00000000d6980000)
 ParOldGen       total 95232K, used 61090K [0x0000000080000000, 0x0000000085d00000, 0x00000000d5580000)
  object space 95232K, 64% used [0x0000000080000000,0x0000000083ba89a0,0x0000000085d00000)
 Metaspace       used 59568K, committed 61056K, reserved 1114112K
  class space    used 6283K, committed 6976K, reserved 1048576K
}
Event: 14.174 GC heap after
{Heap after GC invocations=273 (full 3):
 PSYoungGen      total 15872K, used 2513K [0x00000000d5580000, 0x00000000d6880000, 0x0000000100000000)
  eden space 13312K, 0% used [0x00000000d5580000,0x00000000d5580000,0x00000000d6280000)
  from space 2560K, 98% used [0x00000000d6600000,0x00000000d68744b0,0x00000000d6880000)
  to   space 3072K, 0% used [0x00000000d6280000,0x00000000d6280000,0x00000000d6580000)
 ParOldGen       total 95232K, used 61635K [0x0000000080000000, 0x0000000085d00000, 0x00000000d5580000)
  object space 95232K, 64% used [0x0000000080000000,0x0000000083c30d68,0x0000000085d00000)
 Metaspace       used 59568K, committed 61056K, reserved 1114112K
  class space    used 6283K, committed 6976K, reserved 1048576K
}

