# JRE version: OpenJDK Runtime Environment Temurin-21.0.8+9 (21.0.8+9) (build 21.0.8+9-LTS)
# Java VM: OpenJDK 64-Bit Server VM Temurin-21.0.8+9 (21.0.8+9-LTS, mixed mode, sharing, tiered, compressed oops, compressed class ptrs, parallel gc, windows-amd64)
GC Precious Log:
 CardTable entry size: 512
 CPUs: 12 total, 12 available
 Memory: 16087M
 Large Page Support: Disabled
 NUMA Support: Disabled
 Compressed Oops: Enabled (32-bit)
 Alignments: Space 512K, Generation 512K, Heap 2M
 Heap Min Capacity: 100M
 Heap Initial Capacity: 100M
 Heap Max Capacity: 2G
 Pre-touch: Disabled
 Parallel Workers: 10
Heap:
 PSYoungGen      total 18432K, used 15892K [0x00000000d5580000, 0x00000000d6880000, 0x0000000100000000)
  eden space 17408K, 87% used [0x00000000d5580000,0x00000000d6455210,0x00000000d6680000)
  from space 1024K, 68% used [0x00000000d6780000,0x00000000d6830000,0x00000000d6880000)
  to   space 1024K, 0% used [0x00000000d6680000,0x00000000d6680000,0x00000000d6780000)
 ParOldGen       total 80384K, used 79658K [0x0000000080000000, 0x0000000084e80000, 0x00000000d5580000)
  object space 80384K, 99% used [0x0000000080000000,0x0000000084dcaa18,0x0000000084e80000)
 Metaspace       used 65787K, committed 67200K, reserved 1114112K
  class space    used 6909K, committed 7488K, reserved 1048576K
GC Heap History (20 events):
Event: 71.187 GC heap before
{Heap before GC invocations=130 (full 3):
 PSYoungGen      total 18432K, used 18097K [0x00000000d5580000, 0x00000000d6880000, 0x0000000100000000)
  eden space 17408K, 100% used [0x00000000d5580000,0x00000000d6680000,0x00000000d6680000)
  from space 1024K, 67% used [0x00000000d6780000,0x00000000d682c400,0x00000000d6880000)
  to   space 1024K, 0% used [0x00000000d6680000,0x00000000d6680000,0x00000000d6780000)
 ParOldGen       total 75264K, used 74936K [0x0000000080000000, 0x0000000084980000, 0x00000000d5580000)
  object space 75264K, 99% used [0x0000000080000000,0x000000008492e010,0x0000000084980000)
 Metaspace       used 65314K, committed 66752K, reserved 1114112K
  class space    used 6895K, committed 7488K, reserved 1048576K
}
Event: 71.188 GC heap after
{Heap after GC invocations=130 (full 3):
 PSYoungGen      total 18432K, used 720K [0x00000000d5580000, 0x00000000d6880000, 0x0000000100000000)
  eden space 17408K, 0% used [0x00000000d5580000,0x00000000d5580000,0x00000000d6680000)
  from space 1024K, 70% used [0x00000000d6680000,0x00000000d6734010,0x00000000d6780000)
  to   space 1024K, 0% used [0x00000000d6780000,0x00000000d6780000,0x00000000d6880000)
 ParOldGen       total 75776K, used 75385K [0x0000000080000000, 0x0000000084a00000, 0x00000000d5580000)
  object space 75776K, 99% used [0x0000000080000000,0x000000008499e420,0x0000000084a00000)
 Metaspace       used 65314K, committed 66752K, reserved 1114112K
  class space    used 6895K, committed 7488K, reserved 1048576K
}
Event: 71.201 GC heap before
{Heap before GC invocations=131 (full 3):
 PSYoungGen      total 18432K, used 18128K [0x00000000d5580000, 0x00000000d6880000, 0x0000000100000000)
  eden space 17408K, 100% used [0x00000000d5580000,0x00000000d6680000,0x00000000d6680000)
  from space 1024K, 70% used [0x00000000d6680000,0x00000000d6734010,0x00000000d6780000)
  to   space 1024K, 0% used [0x00000000d6780000,0x00000000d6780000,0x00000000d6880000)
 ParOldGen       total 75776K, used 75385K [0x0000000080000000, 0x0000000084a00000, 0x00000000d5580000)
  object space 75776K, 99% used [0x0000000080000000,0x000000008499e420,0x0000000084a00000)
 Metaspace       used 65335K, committed 66816K, reserved 1114112K
  class space    used 6896K, committed 7488K, reserved 1048576K
}
Event: 71.203 GC heap after
{Heap after GC invocations=131 (full 3):
 PSYoungGen      total 18432K, used 768K [0x00000000d5580000, 0x00000000d6880000, 0x0000000100000000)
  eden space 17408K, 0% used [0x00000000d5580000,0x00000000d5580000,0x00000000d6680000)
  from space 1024K, 75% used [0x00000000d6780000,0x00000000d6840000,0x00000000d6880000)
  to   space 1024K, 0% used [0x00000000d6680000,0x00000000d6680000,0x00000000d6780000)
 ParOldGen       total 76288K, used 75938K [0x0000000080000000, 0x0000000084a80000, 0x00000000d5580000)
  object space 76288K, 99% used [0x0000000080000000,0x0000000084a28890,0x0000000084a80000)
 Metaspace       used 65335K, committed 66816K, reserved 1114112K
  class space    used 6896K, committed 7488K, reserved 1048576K
}
Event: 71.219 GC heap before
{Heap before GC invocations=132 (full 3):
 PSYoungGen      total 18432K, used 18176K [0x00000000d5580000, 0x00000000d6880000, 0x0000000100000000)
  eden space 17408K, 100% used [0x00000000d5580000,0x00000000d6680000,0x00000000d6680000)
  from space 1024K, 75% used [0x00000000d6780000,0x00000000d6840000,0x00000000d6880000)
  to   space 1024K, 0% used [0x00000000d6680000,0x00000000d6680000,0x00000000d6780000)
 ParOldGen       total 76288K, used 75938K [0x0000000080000000, 0x0000000084a80000, 0x00000000d5580000)
  object space 76288K, 99% used [0x0000000080000000,0x0000000084a28890,0x0000000084a80000)
 Metaspace       used 65402K, committed 66880K, reserved 1114112K
  class space    used 6896K, committed 7488K, reserved 1048576K
}
Event: 71.220 GC heap after
{Heap after GC invocations=132 (full 3):
 PSYoungGen      total 18432K, used 704K [0x00000000d5580000, 0x00000000d6880000, 0x0000000100000000)
  eden space 17408K, 0% used [0x00000000d5580000,0x00000000d5580000,0x00000000d6680000)
  from space 1024K, 68% used [0x00000000d6680000,0x00000000d6730000,0x00000000d6780000)
  to   space 1024K, 0% used [0x00000000d6780000,0x00000000d6780000,0x00000000d6880000)
 ParOldGen       total 76800K, used 76431K [0x0000000080000000, 0x0000000084b00000, 0x00000000d5580000)
  object space 76800K, 99% used [0x0000000080000000,0x0000000084aa3de0,0x0000000084b00000)
 Metaspace       used 65402K, committed 66880K, reserved 1114112K
  class space    used 6896K, committed 7488K, reserved 1048576K
}
Event: 71.239 GC heap before
{Heap before GC invocations=133 (full 3):
 PSYoungGen      total 18432K, used 18112K [0x00000000d5580000, 0x00000000d6880000, 0x0000000100000000)
  eden space 17408K, 100% used [0x00000000d5580000,0x00000000d6680000,0x00000000d6680000)
  from space 1024K, 68% used [0x00000000d6680000,0x00000000d6730000,0x00000000d6780000)
  to   space 1024K, 0% used [0x00000000d6780000,0x00000000d6780000,0x00000000d6880000)
 ParOldGen       total 76800K, used 76431K [0x0000000080000000, 0x0000000084b00000, 0x00000000d5580000)
  object space 76800K, 99% used [0x0000000080000000,0x0000000084aa3de0,0x0000000084b00000)
 Metaspace       used 65450K, committed 66880K, reserved 1114112K
  class space    used 6898K, committed 7488K, reserved 1048576K
}
Event: 71.240 GC heap after
{Heap after GC invocations=133 (full 3):
 PSYoungGen      total 18432K, used 640K [0x00000000d5580000, 0x00000000d6880000, 0x0000000100000000)
  eden space 17408K, 0% used [0x00000000d5580000,0x00000000d5580000,0x00000000d6680000)
  from space 1024K, 62% used [0x00000000d6780000,0x00000000d6820000,0x00000000d6880000)
  to   space 1024K, 0% used [0x00000000d6680000,0x00000000d6680000,0x00000000d6780000)
 ParOldGen       total 76800K, used 76725K [0x0000000080000000, 0x0000000084b00000, 0x00000000d5580000)
  object space 76800K, 99% used [0x0000000080000000,0x0000000084aed490,0x0000000084b00000)
 Metaspace       used 65450K, committed 66880K, reserved 1114112K
  class space    used 6898K, committed 7488K, reserved 1048576K
}
Event: 71.259 GC heap before
{Heap before GC invocations=134 (full 3):
 PSYoungGen      total 18432K, used 18048K [0x00000000d5580000, 0x00000000d6880000, 0x0000000100000000)
  eden space 17408K, 100% used [0x00000000d5580000,0x00000000d6680000,0x00000000d6680000)
  from space 1024K, 62% used [0x00000000d6780000,0x00000000d6820000,0x00000000d6880000)
  to   space 1024K, 0% used [0x00000000d6680000,0x00000000d6680000,0x00000000d6780000)
 ParOldGen       total 76800K, used 76725K [0x0000000080000000, 0x0000000084b00000, 0x00000000d5580000)
  object space 76800K, 99% used [0x0000000080000000,0x0000000084aed490,0x0000000084b00000)
 Metaspace       used 65527K, committed 66944K, reserved 1114112K
  class space    used 6903K, committed 7488K, reserved 1048576K
}
Event: 71.260 GC heap after
{Heap after GC invocations=134 (full 3):
 PSYoungGen      total 18432K, used 480K [0x00000000d5580000, 0x00000000d6880000, 0x0000000100000000)
  eden space 17408K, 0% used [0x00000000d5580000,0x00000000d5580000,0x00000000d6680000)
  from space 1024K, 46% used [0x00000000d6680000,0x00000000d66f8000,0x00000000d6780000)
  to   space 1024K, 0% used [0x00000000d6780000,0x00000000d6780000,0x00000000d6880000)
 ParOldGen       total 77312K, used 77085K [0x0000000080000000, 0x0000000084b80000, 0x00000000d5580000)
  object space 77312K, 99% used [0x0000000080000000,0x0000000084b474b0,0x0000000084b80000)
 Metaspace       used 65527K, committed 66944K, reserved 1114112K
  class space    used 6903K, committed 7488K, reserved 1048576K
}
Event: 71.277 GC heap before
{Heap before GC invocations=135 (full 3):
 PSYoungGen      total 18432K, used 17888K [0x00000000d5580000, 0x00000000d6880000, 0x0000000100000000)
  eden space 17408K, 100% used [0x00000000d5580000,0x00000000d6680000,0x00000000d6680000)
  from space 1024K, 46% used [0x00000000d6680000,0x00000000d66f8000,0x00000000d6780000)
  to   space 1024K, 0% used [0x00000000d6780000,0x00000000d6780000,0x00000000d6880000)
 ParOldGen       total 77312K, used 77085K [0x0000000080000000, 0x0000000084b80000, 0x00000000d5580000)
  object space 77312K, 99% used [0x0000000080000000,0x0000000084b474b0,0x0000000084b80000)
 Metaspace       used 65601K, committed 67008K, reserved 1114112K
  class space    used 6903K, committed 7488K, reserved 1048576K
}
Event: 71.278 GC heap after
{Heap after GC invocations=135 (full 3):
 PSYoungGen      total 18432K, used 736K [0x00000000d5580000, 0x00000000d6880000, 0x0000000100000000)
  eden space 17408K, 0% used [0x00000000d5580000,0x00000000d5580000,0x00000000d6680000)
  from space 1024K, 71% used [0x00000000d6780000,0x00000000d6838000,0x00000000d6880000)
  to   space 1024K, 0% used [0x00000000d6680000,0x00000000d6680000,0x00000000d6780000)
 ParOldGen       total 77824K, used 77405K [0x0000000080000000, 0x0000000084c00000, 0x00000000d5580000)
  object space 77824K, 99% used [0x0000000080000000,0x0000000084b974b0,0x0000000084c00000)
 Metaspace       used 65601K, committed 67008K, reserved 1114112K
  class space    used 6903K, committed 7488K, reserved 1048576K
}
Event: 71.298 GC heap before
{Heap before GC invocations=136 (full 3):
 PSYoungGen      total 18432K, used 18144K [0x00000000d5580000, 0x00000000d6880000, 0x0000000100000000)
  eden space 17408K, 100% used [0x00000000d5580000,0x00000000d6680000,0x00000000d6680000)
  from space 1024K, 71% used [0x00000000d6780000,0x00000000d6838000,0x00000000d6880000)
  to   space 1024K, 0% used [0x00000000d6680000,0x00000000d6680000,0x00000000d6780000)
 ParOldGen       total 77824K, used 77405K [0x0000000080000000, 0x0000000084c00000, 0x00000000d5580000)
  object space 77824K, 99% used [0x0000000080000000,0x0000000084b974b0,0x0000000084c00000)
 Metaspace       used 65644K, committed 67072K, reserved 1114112K
  class space    used 6904K, committed 7488K, reserved 1048576K
}
Event: 71.298 GC heap after
{Heap after GC invocations=136 (full 3):
 PSYoungGen      total 18432K, used 672K [0x00000000d5580000, 0x00000000d6880000, 0x0000000100000000)
  eden space 17408K, 0% used [0x00000000d5580000,0x00000000d5580000,0x00000000d6680000)
  from space 1024K, 65% used [0x00000000d6680000,0x00000000d6728000,0x00000000d6780000)
  to   space 1024K, 0% used [0x00000000d6780000,0x00000000d6780000,0x00000000d6880000)
 ParOldGen       total 77824K, used 77737K [0x0000000080000000, 0x0000000084c00000, 0x00000000d5580000)
  object space 77824K, 99% used [0x0000000080000000,0x0000000084bea4c0,0x0000000084c00000)
 Metaspace       used 65644K, committed 67072K, reserved 1114112K
  class space    used 6904K, committed 7488K, reserved 1048576K
}
Event: 71.319 GC heap before
{Heap before GC invocations=137 (full 3):
 PSYoungGen      total 18432K, used 18080K [0x00000000d5580000, 0x00000000d6880000, 0x0000000100000000)
  eden space 17408K, 100% used [0x00000000d5580000,0x00000000d6680000,0x00000000d6680000)
  from space 1024K, 65% used [0x00000000d6680000,0x00000000d6728000,0x00000000d6780000)
  to   space 1024K, 0% used [0x00000000d6780000,0x00000000d6780000,0x00000000d6880000)
 ParOldGen       total 77824K, used 77737K [0x0000000080000000, 0x0000000084c00000, 0x00000000d5580000)
  object space 77824K, 99% used [0x0000000080000000,0x0000000084bea4c0,0x0000000084c00000)
 Metaspace       used 65678K, committed 67136K, reserved 1114112K
  class space    used 6904K, committed 7488K, reserved 1048576K
}
Event: 71.320 GC heap after
{Heap after GC invocations=137 (full 3):
 PSYoungGen      total 18432K, used 656K [0x00000000d5580000, 0x00000000d6880000, 0x0000000100000000)
  eden space 17408K, 0% used [0x00000000d5580000,0x00000000d5580000,0x00000000d6680000)
  from space 1024K, 64% used [0x00000000d6780000,0x00000000d6824010,0x00000000d6880000)
  to   space 1024K, 0% used [0x00000000d6680000,0x00000000d6680000,0x00000000d6780000)
 ParOldGen       total 78336K, used 78049K [0x0000000080000000, 0x0000000084c80000, 0x00000000d5580000)
  object space 78336K, 99% used [0x0000000080000000,0x0000000084c384e0,0x0000000084c80000)
 Metaspace       used 65678K, committed 67136K, reserved 1114112K
  class space    used 6904K, committed 7488K, reserved 1048576K
}
Event: 71.342 GC heap before
{Heap before GC invocations=138 (full 3):
 PSYoungGen      total 18432K, used 18064K [0x00000000d5580000, 0x00000000d6880000, 0x0000000100000000)
  eden space 17408K, 100% used [0x00000000d5580000,0x00000000d6680000,0x00000000d6680000)
  from space 1024K, 64% used [0x00000000d6780000,0x00000000d6824010,0x00000000d6880000)
  to   space 1024K, 0% used [0x00000000d6680000,0x00000000d6680000,0x00000000d6780000)
 ParOldGen       total 78336K, used 78049K [0x0000000080000000, 0x0000000084c80000, 0x00000000d5580000)
  object space 78336K, 99% used [0x0000000080000000,0x0000000084c384e0,0x0000000084c80000)
 Metaspace       used 65729K, committed 67136K, reserved 1114112K
  class space    used 6908K, committed 7488K, reserved 1048576K
}
Event: 71.343 GC heap after
{Heap after GC invocations=138 (full 3):
 PSYoungGen      total 18432K, used 576K [0x00000000d5580000, 0x00000000d6880000, 0x0000000100000000)
  eden space 17408K, 0% used [0x00000000d5580000,0x00000000d5580000,0x00000000d6680000)
  from space 1024K, 56% used [0x00000000d6680000,0x00000000d6710000,0x00000000d6780000)
  to   space 1024K, 0% used [0x00000000d6780000,0x00000000d6780000,0x00000000d6880000)
 ParOldGen       total 78848K, used 78465K [0x0000000080000000, 0x0000000084d00000, 0x00000000d5580000)
  object space 78848K, 99% used [0x0000000080000000,0x0000000084ca0500,0x0000000084d00000)
 Metaspace       used 65729K, committed 67136K, reserved 1114112K
  class space    used 6908K, committed 7488K, reserved 1048576K
}
Event: 71.368 GC heap before
{Heap before GC invocations=139 (full 3):
 PSYoungGen      total 18432K, used 17984K [0x00000000d5580000, 0x00000000d6880000, 0x0000000100000000)
  eden space 17408K, 100% used [0x00000000d5580000,0x00000000d6680000,0x00000000d6680000)
  from space 1024K, 56% used [0x00000000d6680000,0x00000000d6710000,0x00000000d6780000)
  to   space 1024K, 0% used [0x00000000d6780000,0x00000000d6780000,0x00000000d6880000)
 ParOldGen       total 78848K, used 78465K [0x0000000080000000, 0x0000000084d00000, 0x00000000d5580000)
  object space 78848K, 99% used [0x0000000080000000,0x0000000084ca0500,0x0000000084d00000)
 Metaspace       used 65755K, committed 67200K, reserved 1114112K
  class space    used 6909K, committed 7488K, reserved 1048576K
}
Event: 71.370 GC heap after
{Heap after GC invocations=139 (full 3):
 PSYoungGen      total 18432K, used 704K [0x00000000d5580000, 0x00000000d6880000, 0x0000000100000000)
  eden space 17408K, 0% used [0x00000000d5580000,0x00000000d5580000,0x00000000d6680000)
  from space 1024K, 68% used [0x00000000d6780000,0x00000000d6830000,0x00000000d6880000)
  to   space 1024K, 0% used [0x00000000d6680000,0x00000000d6680000,0x00000000d6780000)
 ParOldGen       total 80384K, used 79658K [0x0000000080000000, 0x0000000084e80000, 0x00000000d5580000)
  object space 80384K, 99% used [0x0000000080000000,0x0000000084dcaa18,0x0000000084e80000)
 Metaspace       used 65755K, committed 67200K, reserved 1114112K
  class space    used 6909K, committed 7488K, reserved 1048576K
}

